#
# There is insufficient memory for the Java Runtime Environment to continue.
# Native memory allocation (mmap) failed to map 266338304 bytes for Failed to commit area from 0x0000000702400000 to 0x0000000712200000 of length 266338304.
# Possible reasons:
#   The system is out of physical RAM or swap space
#   The process is running with CompressedOops enabled, and the Java Heap may be blocking the growth of the native heap
# Possible solutions:
#   Reduce memory load on the system
#   Increase physical memory or swap space
#   Check if swap backing store is full
#   Decrease Java heap size (-Xmx/-Xms)
#   Decrease number of Java threads
#   Decrease Java thread stack sizes (-Xss)
#   Set larger code cache with -XX:ReservedCodeCacheSize=
# This output file may be truncated or incomplete.
#
#  Out of Memory Error (t:/workspace/open/src/hotspot/os/windows/os_windows.cpp:3301), pid=17692, tid=11768
#
# JRE version:  (13.0.2+8) (build )
# Java VM: Java HotSpot(TM) 64-Bit Server VM (13.0.2+8, mixed mode, aot, sharing, tiered, compressed oops, g1 gc, windows-amd64)
# No core dump will be written. Minidumps are not enabled by default on client versions of Windows
#

---------------  S U M M A R Y ------------

Command Line: -Dfile.encoding=UTF-8 proyectoEntornosGrupo.ClasePrincipal

Host: Intel(R) Core(TM) i5-8300H CPU @ 2.30GHz, 8 cores, 15G,  Windows 10 , 64 bit Build 18362 (10.0.18362.329)
Time: Sat Apr 11 17:27:38 2020 Hora de verano romance elapsed time: 0 seconds (0d 0h 0m 0s)

---------------  T H R E A D  ---------------

Current thread (0x000001d3340ed000):  JavaThread "Unknown thread" [_thread_in_vm, id=11768, stack(0x0000004623200000,0x0000004623300000)]

Stack: [0x0000004623200000,0x0000004623300000]
Native frames: (J=compiled Java code, j=interpreted, Vv=VM code, C=native code)
V  [jvm.dll+0x624f9a]
V  [jvm.dll+0x770cfa]
V  [jvm.dll+0x7724af]
V  [jvm.dll+0x772ab3]
V  [jvm.dll+0x24bf08]
V  [jvm.dll+0x6222aa]
V  [jvm.dll+0x6170b5]
V  [jvm.dll+0x30a88c]
V  [jvm.dll+0x30a6c2]
V  [jvm.dll+0x30fe36]
V  [jvm.dll+0x353f46]
V  [jvm.dll+0x353720]
V  [jvm.dll+0x2e550a]
V  [jvm.dll+0x2e67a2]
V  [jvm.dll+0x74dd78]
V  [jvm.dll+0x361989]
V  [jvm.dll+0x730e65]
V  [jvm.dll+0x3cc53f]
V  [jvm.dll+0x3ce861]
C  [jli.dll+0x51ff]
C  [ucrtbase.dll+0x20e72]
C  [KERNEL32.DLL+0x17bd4]
C  [ntdll.dll+0x6ced1]


---------------  P R O C E S S  ---------------

Threads class SMR info:
_java_thread_list=0x00007ff80a12ccb8, length=0, elements={
}

Java Threads: ( => current thread )

Other Threads:
  0x000001d334157800 GCTaskThread "GC Thread#0" [stack: 0x0000004623300000,0x0000004623400000] [id=14184]
  0x000001d33417b800 ConcurrentGCThread "G1 Main Marker" [stack: 0x0000004623400000,0x0000004623500000] [id=13492]
  0x000001d33417d800 ConcurrentGCThread "G1 Conc#0" [stack: 0x0000004623500000,0x0000004623600000] [id=7828]

[error occurred during error reporting (printing all threads), id 0xc0000005, EXCEPTION_ACCESS_VIOLATION (0xc0000005) at pc=0x00007ff8099651d7]

VM state:not at safepoint (not fully initialized)

VM Mutex/Monitor currently owned by a thread:  ([mutex/lock_event])
[0x000001d3340ea730] Heap_lock - owner thread: 0x000001d3340ed000

Heap address: 0x0000000702400000, size: 4060 MB, Compressed Oops mode: Non-zero based: 0x0000000702400000
Narrow klass base: 0x0000000000000000, Narrow klass shift: 0

GC Heap History (0 events):
No events

Deoptimization events (0 events):
No events

Classes unloaded (0 events):
No events

Classes redefined (0 events):
No events

Internal exceptions (0 events):
No events

Events (8 events):
Event: 0.005 Loaded shared library C:\Program Files\Java\jdk-13.0.2\bin\zip.dll
Event: 0.006 Loaded shared library C:\Program Files\Java\jdk-13.0.2\bin\jimage.dll
Event: 0.007 Loading shared library C:\Program Files\Java\jdk-13.0.2\lib\libjava.base-coop.dll failed, error code 126
Event: 0.007 Loading shared library C:\Program Files\Java\jdk-13.0.2\lib\libjava.logging-coop.dll failed, error code 126
Event: 0.007 Loading shared library C:\Program Files\Java\jdk-13.0.2\lib\libjdk.compiler-coop.dll failed, error code 126
Event: 0.007 Loading shared library C:\Program Files\Java\jdk-13.0.2\lib\libjdk.scripting.nashorn-coop.dll failed, error code 126
Event: 0.007 Loading shared library C:\Program Files\Java\jdk-13.0.2\lib\libjdk.internal.vm.ci-coop.dll failed, error code 126
Event: 0.007 Loading shared library C:\Program Files\Java\jdk-13.0.2\lib\libjdk.internal.vm.compiler-coop.dll failed, error code 126


Dynamic libraries:
0x00007ff79f6b0000 - 0x00007ff79f6bf000 	C:\Program Files\Java\jdk-13.0.2\bin\javaw.exe
0x00007ff85fb80000 - 0x00007ff85fd70000 	C:\WINDOWS\SYSTEM32\ntdll.dll
0x00007ff85f0d0000 - 0x00007ff85f182000 	C:\WINDOWS\System32\KERNEL32.DLL
0x00007ff85d3c0000 - 0x00007ff85d663000 	C:\WINDOWS\System32\KERNELBASE.dll
0x00007ff85d8b0000 - 0x00007ff85d9aa000 	C:\WINDOWS\System32\ucrtbase.dll
0x00007ff859760000 - 0x00007ff859778000 	C:\Program Files\Java\jdk-13.0.2\bin\jli.dll
0x00007ff8592c0000 - 0x00007ff8592d5000 	C:\Program Files\Java\jdk-13.0.2\bin\VCRUNTIME140.dll
0x00007ff85efc0000 - 0x00007ff85f063000 	C:\WINDOWS\System32\ADVAPI32.dll
0x00007ff85e050000 - 0x00007ff85e0ee000 	C:\WINDOWS\System32\msvcrt.dll
0x00007ff85dc30000 - 0x00007ff85dcc7000 	C:\WINDOWS\System32\sechost.dll
0x00007ff85f210000 - 0x00007ff85f330000 	C:\WINDOWS\System32\RPCRT4.dll
0x00007ff85dcd0000 - 0x00007ff85de64000 	C:\WINDOWS\System32\USER32.dll
0x00007ff85d9b0000 - 0x00007ff85d9d1000 	C:\WINDOWS\System32\win32u.dll
0x00007ff846e80000 - 0x00007ff847105000 	C:\WINDOWS\WinSxS\amd64_microsoft.windows.common-controls_6595b64144ccf1df_6.0.18362.720_none_e6beb5c51314836b\COMCTL32.dll
0x00007ff85f560000 - 0x00007ff85f586000 	C:\WINDOWS\System32\GDI32.dll
0x00007ff85f590000 - 0x00007ff85f8c6000 	C:\WINDOWS\System32\combase.dll
0x00007ff85d9e0000 - 0x00007ff85db74000 	C:\WINDOWS\System32\gdi32full.dll
0x00007ff85d810000 - 0x00007ff85d8ae000 	C:\WINDOWS\System32\msvcp_win.dll
0x00007ff85d310000 - 0x00007ff85d390000 	C:\WINDOWS\System32\bcryptPrimitives.dll
0x00007ff856f40000 - 0x00007ff856f4a000 	C:\WINDOWS\SYSTEM32\VERSION.dll
0x00007ff85f8d0000 - 0x00007ff85f8fe000 	C:\WINDOWS\System32\IMM32.DLL
0x00007ff841b10000 - 0x00007ff841bab000 	C:\Program Files\Java\jdk-13.0.2\bin\msvcp140.dll
0x00007ff809670000 - 0x00007ff80a1cd000 	C:\Program Files\Java\jdk-13.0.2\bin\server\jvm.dll
0x00007ff85f480000 - 0x00007ff85f488000 	C:\WINDOWS\System32\PSAPI.DLL
0x00007ff849560000 - 0x00007ff849569000 	C:\WINDOWS\SYSTEM32\WSOCK32.dll
0x00007ff859700000 - 0x00007ff859724000 	C:\WINDOWS\SYSTEM32\WINMM.dll
0x00007ff85f410000 - 0x00007ff85f47f000 	C:\WINDOWS\System32\WS2_32.dll
0x00007ff859670000 - 0x00007ff85969d000 	C:\WINDOWS\SYSTEM32\WINMMBASE.dll
0x00007ff85d7c0000 - 0x00007ff85d80a000 	C:\WINDOWS\System32\cfgmgr32.dll
0x00007ff85ca50000 - 0x00007ff85ca61000 	C:\WINDOWS\System32\kernel.appcore.dll
0x00007ff855f80000 - 0x00007ff855f90000 	C:\Program Files\Java\jdk-13.0.2\bin\verify.dll
0x00007ff855d80000 - 0x00007ff855f74000 	C:\WINDOWS\SYSTEM32\DBGHELP.DLL
0x00007ff855450000 - 0x00007ff85547a000 	C:\WINDOWS\SYSTEM32\dbgcore.DLL
0x00007ff842560000 - 0x00007ff842586000 	C:\Program Files\Java\jdk-13.0.2\bin\java.dll
0x00007ff84bb00000 - 0x00007ff84bb17000 	C:\Program Files\Java\jdk-13.0.2\bin\zip.dll
0x00007ff853fb0000 - 0x00007ff853fba000 	C:\Program Files\Java\jdk-13.0.2\bin\jimage.dll

dbghelp: loaded successfully - version: 4.0.5 - missing functions: none
symbol engine: initialized successfully - sym options: 0x614 - pdb path: .;C:\Program Files\Java\jdk-13.0.2\bin;C:\WINDOWS\SYSTEM32;C:\WINDOWS\WinSxS\amd64_microsoft.windows.common-controls_6595b64144ccf1df_6.0.18362.720_none_e6beb5c51314836b;C:\Program Files\Java\jdk-13.0.2\bin\server

VM Arguments:
jvm_args: -Dfile.encoding=UTF-8 
java_command: proyectoEntornosGrupo.ClasePrincipal
java_class_path (initial): C:\Users\david\Desktop\prograa\ProyectoEntornosGrupoPrograma\target\classes
Launcher Type: SUN_STANDARD

[Global flags]
     intx CICompilerCount                          = 4                                         {product} {ergonomic}
     uint ConcGCThreads                            = 2                                         {product} {ergonomic}
     uint G1ConcRefinementThreads                  = 8                                         {product} {ergonomic}
   size_t G1HeapRegionSize                         = 1048576                                   {product} {ergonomic}
    uintx GCDrainStackTargetSize                   = 64                                        {product} {ergonomic}
   size_t InitialHeapSize                          = 266338304                                 {product} {ergonomic}
   size_t MarkStackSize                            = 4194304                                   {product} {ergonomic}
   size_t MaxHeapSize                              = 4257218560                                {product} {ergonomic}
   size_t MinHeapDeltaBytes                        = 1048576                                   {product} {ergonomic}
   size_t MinHeapSize                              = 8388608                                   {product} {ergonomic}
    uintx NonNMethodCodeHeapSize                   = 5839372                                {pd product} {ergonomic}
    uintx NonProfiledCodeHeapSize                  = 122909434                              {pd product} {ergonomic}
    uintx ProfiledCodeHeapSize                     = 122909434                              {pd product} {ergonomic}
    uintx ReservedCodeCacheSize                    = 251658240                              {pd product} {ergonomic}
     bool SegmentedCodeCache                       = true                                      {product} {ergonomic}
   size_t SoftMaxHeapSize                          = 4257218560                             {manageable} {ergonomic}
     bool UseCompressedClassPointers               = true                                 {lp64_product} {ergonomic}
     bool UseCompressedOops                        = true                                 {lp64_product} {ergonomic}
     bool UseG1GC                                  = true                                      {product} {ergonomic}
     bool UseLargePagesIndividualAllocation        = false                                  {pd product} {ergonomic}

Logging:
Log output configuration:
 #0: stdout all=warning uptime,level,tags
 #1: stderr all=off uptime,level,tags

Environment Variables:
PATH=C:/Program Files/Java/jdk-13.0.2/bin/server;C:/Program Files/Java/jdk-13.0.2/bin;C:\Program Files (x86)\Intel\Intel(R) Management Engine Components\iCLS\;C:\Program Files\Intel\Intel(R) Management Engine Components\iCLS\;C:\Program Files (x86)\Common Files\Oracle\Java\javapath;C:\Windows\system32;C:\Windows;C:\Windows\System32\Wbem;C:\Windows\System32\WindowsPowerShell\v1.0\;C:\Windows\System32\OpenSSH\;C:\Program Files (x86)\Intel\Intel(R) Management Engine Components\DAL;C:\Program Files\Intel\Intel(R) Management Engine Components\DAL;C:\Program Files (x86)\Intel\Intel(R) Management Engine Components\IPT;C:\Program Files\Intel\Intel(R) Management Engine Components\IPT;C:\Program Files\Intel\WiFi\bin\;C:\Program Files\Common Files\Intel\WirelessCommon\;C:\Program Files\NVIDIA Corporation\NVIDIA NvDLISR;C:\Program Files (x86)\NVIDIA Corporation\PhysX\Common;C:\WINDOWS\system32;C:\WINDOWS;C:\WINDOWS\System32\Wbem;C:\WINDOWS\System32\WindowsPowerShell\v1.0\;C:\WINDOWS\System32\OpenSSH\;C:\Users\david\AppData\Local\Microsoft\WindowsApps;C:\Program Files\Intel\WiFi\bin\;C:\Program Files\Common Files\Intel\WirelessCommon\;C:\Users\david\AppData\Local\Programs\Microsoft VS Code\bin;;C:\Users\david\Desktop;
USERNAME=david
OS=Windows_NT
PROCESSOR_IDENTIFIER=Intel64 Family 6 Model 158 Stepping 10, GenuineIntel



---------------  S Y S T E M  ---------------

OS: Windows 10 , 64 bit Build 18362 (10.0.18362.329)

CPU:total 8 (initial active 8) (4 cores per cpu, 2 threads per core) family 6 model 158 stepping 10, cmov, cx8, fxsr, mmx, sse, sse2, sse3, ssse3, sse4.1, sse4.2, popcnt, avx, avx2, aes, clmul, erms, 3dnowpref, lzcnt, ht, tsc, tscinvbit, bmi1, bmi2, adx, fma

Memory: 4k page, system-wide physical 16232M (2361M free)
TotalPageFile size 46416M (AvailPageFile size 82M)
current process WorkingSet (physical memory assigned to process): 10M, peak: 10M
current process commit charge ("private bytes"): 61M, peak: 315M

vm_info: Java HotSpot(TM) 64-Bit Server VM (13.0.2+8) for windows-amd64 JRE (13.0.2+8), built on Dec 11 2019 09:20:33 by "mach5one" with unknown MS VC++:1916

END.
